CRITICAL - 2022-03-06 03:43:24 --> Invalid file: layout_backend.php
#0 D:\Laragon Projects\www-home\kongres-yogi\system\View\View.php(198): CodeIgniter\Exceptions\FrameworkException::forInvalidFile('layout_backend....')
#1 D:\Laragon Projects\www-home\kongres-yogi\system\Common.php(1089): CodeIgniter\View\View->render('layout_backend', Array, true)
#2 D:\Laragon Projects\www-home\kongres-yogi\app\Controllers\Home.php(9): view('layout_backend')
#3 D:\Laragon Projects\www-home\kongres-yogi\system\CodeIgniter.php(832): App\Controllers\Home->index()
#4 D:\Laragon Projects\www-home\kongres-yogi\system\CodeIgniter.php(419): CodeIgniter\CodeIgniter->runController(Object(App\Controllers\Home))
#5 D:\Laragon Projects\www-home\kongres-yogi\system\CodeIgniter.php(326): CodeIgniter\CodeIgniter->handleRequest(NULL, Object(Config\Cache), false)
#6 D:\Laragon Projects\www-home\kongres-yogi\public\index.php(37): CodeIgniter\CodeIgniter->run()
#7 {main}
CRITICAL - 2022-03-06 03:43:30 --> Invalid file: layout_backend.php
#0 D:\Laragon Projects\www-home\kongres-yogi\system\View\View.php(198): CodeIgniter\Exceptions\FrameworkException::forInvalidFile('layout_backend....')
#1 D:\Laragon Projects\www-home\kongres-yogi\system\Common.php(1089): CodeIgniter\View\View->render('layout_backend', Array, true)
#2 D:\Laragon Projects\www-home\kongres-yogi\app\Controllers\Home.php(9): view('layout_backend')
#3 D:\Laragon Projects\www-home\kongres-yogi\system\CodeIgniter.php(832): App\Controllers\Home->index()
#4 D:\Laragon Projects\www-home\kongres-yogi\system\CodeIgniter.php(419): CodeIgniter\CodeIgniter->runController(Object(App\Controllers\Home))
#5 D:\Laragon Projects\www-home\kongres-yogi\system\CodeIgniter.php(326): CodeIgniter\CodeIgniter->handleRequest(NULL, Object(Config\Cache), false)
#6 D:\Laragon Projects\www-home\kongres-yogi\public\index.php(37): CodeIgniter\CodeIgniter->run()
#7 {main}
CRITICAL - 2022-03-06 03:43:42 --> Invalid file: templates.backend.layout_backend
#0 D:\Laragon Projects\www-home\kongres-yogi\system\View\View.php(198): CodeIgniter\Exceptions\FrameworkException::forInvalidFile('templates.backe...')
#1 D:\Laragon Projects\www-home\kongres-yogi\system\Common.php(1089): CodeIgniter\View\View->render('templates.backe...', Array, true)
#2 D:\Laragon Projects\www-home\kongres-yogi\app\Controllers\Home.php(9): view('templates.backe...')
#3 D:\Laragon Projects\www-home\kongres-yogi\system\CodeIgniter.php(832): App\Controllers\Home->index()
#4 D:\Laragon Projects\www-home\kongres-yogi\system\CodeIgniter.php(419): CodeIgniter\CodeIgniter->runController(Object(App\Controllers\Home))
#5 D:\Laragon Projects\www-home\kongres-yogi\system\CodeIgniter.php(326): CodeIgniter\CodeIgniter->handleRequest(NULL, Object(Config\Cache), false)
#6 D:\Laragon Projects\www-home\kongres-yogi\public\index.php(37): CodeIgniter\CodeIgniter->run()
#7 {main}
CRITICAL - 2022-03-06 03:44:23 --> Call to undefined method CodeIgniter\View\View::extends()
#0 D:\Laragon Projects\www-home\kongres-yogi\system\View\View.php(210): include()
#1 D:\Laragon Projects\www-home\kongres-yogi\system\View\View.php(213): CodeIgniter\View\View->CodeIgniter\View\{closure}()
#2 D:\Laragon Projects\www-home\kongres-yogi\system\Common.php(1089): CodeIgniter\View\View->render('templates/backe...', Array, true)
#3 D:\Laragon Projects\www-home\kongres-yogi\app\Controllers\Home.php(9): view('templates/backe...')
#4 D:\Laragon Projects\www-home\kongres-yogi\system\CodeIgniter.php(832): App\Controllers\Home->index()
#5 D:\Laragon Projects\www-home\kongres-yogi\system\CodeIgniter.php(419): CodeIgniter\CodeIgniter->runController(Object(App\Controllers\Home))
#6 D:\Laragon Projects\www-home\kongres-yogi\system\CodeIgniter.php(326): CodeIgniter\CodeIgniter->handleRequest(NULL, Object(Config\Cache), false)
#7 D:\Laragon Projects\www-home\kongres-yogi\public\index.php(37): CodeIgniter\CodeIgniter->run()
#8 {main}
CRITICAL - 2022-03-06 03:45:58 --> Invalid file: sidebar.php
#0 D:\Laragon Projects\www-home\kongres-yogi\system\View\View.php(198): CodeIgniter\Exceptions\FrameworkException::forInvalidFile('sidebar.php')
#1 D:\Laragon Projects\www-home\kongres-yogi\system\View\View.php(424): CodeIgniter\View\View->render('sidebar', NULL, true)
#2 D:\Laragon Projects\www-home\kongres-yogi\app\Views\templates\backend\layout_backend.php(33): CodeIgniter\View\View->include('sidebar')
#3 D:\Laragon Projects\www-home\kongres-yogi\system\View\View.php(210): include('D:\\Laragon Proj...')
#4 D:\Laragon Projects\www-home\kongres-yogi\system\View\View.php(213): CodeIgniter\View\View->CodeIgniter\View\{closure}()
#5 D:\Laragon Projects\www-home\kongres-yogi\system\View\View.php(226): CodeIgniter\View\View->render('templates/backe...', Array, true)
#6 D:\Laragon Projects\www-home\kongres-yogi\system\Common.php(1089): CodeIgniter\View\View->render('templates/backe...', Array, true)
#7 D:\Laragon Projects\www-home\kongres-yogi\app\Controllers\Home.php(9): view('templates/backe...')
#8 D:\Laragon Projects\www-home\kongres-yogi\system\CodeIgniter.php(832): App\Controllers\Home->index()
#9 D:\Laragon Projects\www-home\kongres-yogi\system\CodeIgniter.php(419): CodeIgniter\CodeIgniter->runController(Object(App\Controllers\Home))
#10 D:\Laragon Projects\www-home\kongres-yogi\system\CodeIgniter.php(326): CodeIgniter\CodeIgniter->handleRequest(NULL, Object(Config\Cache), false)
#11 D:\Laragon Projects\www-home\kongres-yogi\public\index.php(37): CodeIgniter\CodeIgniter->run()
#12 {main}
CRITICAL - 2022-03-06 04:15:30 --> Invalid file: backend/pendaftaran/index.php
#0 D:\Laragon Projects\www-home\kongres-yogi\system\View\View.php(198): CodeIgniter\Exceptions\FrameworkException::forInvalidFile('backend/pendaft...')
#1 D:\Laragon Projects\www-home\kongres-yogi\system\Common.php(1089): CodeIgniter\View\View->render('backend/pendaft...', Array, true)
#2 D:\Laragon Projects\www-home\kongres-yogi\app\Controllers\Backend\PendaftaranController.php(11): view('backend/pendaft...')
#3 D:\Laragon Projects\www-home\kongres-yogi\system\CodeIgniter.php(832): App\Controllers\Backend\PendaftaranController->index()
#4 D:\Laragon Projects\www-home\kongres-yogi\system\CodeIgniter.php(419): CodeIgniter\CodeIgniter->runController(Object(App\Controllers\Backend\PendaftaranController))
#5 D:\Laragon Projects\www-home\kongres-yogi\system\CodeIgniter.php(326): CodeIgniter\CodeIgniter->handleRequest(NULL, Object(Config\Cache), false)
#6 D:\Laragon Projects\www-home\kongres-yogi\public\index.php(37): CodeIgniter\CodeIgniter->run()
#7 {main}
CRITICAL - 2022-03-06 09:46:04 --> Undefined index: file
#0 D:\Laragon Projects\www-home\kongres-yogi\vendor\ozdemir\datatables\src\Iterators\ColumnCollection.php(56): CodeIgniter\Debug\Exceptions->errorHandler(8, 'Undefined index...', 'D:\\Laragon Proj...', 56, Array)
#1 D:\Laragon Projects\www-home\kongres-yogi\vendor\ozdemir\datatables\src\Datatables.php(92): Ozdemir\Datatables\Iterators\ColumnCollection->getByName('file')
#2 D:\Laragon Projects\www-home\kongres-yogi\app\Models\PendaftaranModel.php(39): Ozdemir\Datatables\Datatables->edit('file', Object(Closure))
#3 D:\Laragon Projects\www-home\kongres-yogi\app\Controllers\Backend\PendaftaranController.php(19): App\Models\PendaftaranModel->getAll()
#4 D:\Laragon Projects\www-home\kongres-yogi\system\CodeIgniter.php(832): App\Controllers\Backend\PendaftaranController->jsonDT()
#5 D:\Laragon Projects\www-home\kongres-yogi\system\CodeIgniter.php(419): CodeIgniter\CodeIgniter->runController(Object(App\Controllers\Backend\PendaftaranController))
#6 D:\Laragon Projects\www-home\kongres-yogi\system\CodeIgniter.php(326): CodeIgniter\CodeIgniter->handleRequest(NULL, Object(Config\Cache), false)
#7 D:\Laragon Projects\www-home\kongres-yogi\public\index.php(37): CodeIgniter\CodeIgniter->run()
#8 {main}
